{"C:\\Users\\Jocelyn Huang\\Desktop\\trackky_backend\\src\\utils\\checkDate.ts": {"path":"C:\\Users\\Jocelyn Huang\\Desktop\\trackky_backend\\src\\utils\\checkDate.ts","statementMap":{"0":{"start":{"line":4,"column":25},"end":{"line":6,"column":1}},"1":{"start":{"line":5,"column":2},"end":{"line":5,"column":54}},"2":{"start":{"line":4,"column":13},"end":{"line":4,"column":25}}},"fnMap":{"0":{"name":"(anonymous_0)","decl":{"start":{"line":4,"column":25},"end":{"line":4,"column":26}},"loc":{"start":{"line":4,"column":71},"end":{"line":6,"column":1}}}},"branchMap":{},"s":{"0":1,"1":2,"2":1},"f":{"0":2},"b":{}}
,"C:\\Users\\Jocelyn Huang\\Desktop\\trackky_backend\\src\\utils\\checkUrl.ts": {"path":"C:\\Users\\Jocelyn Huang\\Desktop\\trackky_backend\\src\\utils\\checkUrl.ts","statementMap":{"0":{"start":{"line":1,"column":26},"end":{"line":6,"column":1}},"1":{"start":{"line":3,"column":4},"end":{"line":3,"column":217}},"2":{"start":{"line":4,"column":16},"end":{"line":4,"column":38}},"3":{"start":{"line":5,"column":2},"end":{"line":5,"column":25}},"4":{"start":{"line":1,"column":13},"end":{"line":1,"column":26}}},"fnMap":{"0":{"name":"(anonymous_0)","decl":{"start":{"line":1,"column":26},"end":{"line":1,"column":27}},"loc":{"start":{"line":1,"column":51},"end":{"line":6,"column":1}}}},"branchMap":{},"s":{"0":1,"1":2,"2":2,"3":2,"4":1},"f":{"0":2},"b":{}}
}
